# JRE version: Java(TM) SE Runtime Environment (18.0.2.1+1) (build 18.0.2.1+1-1)
# Java VM: Java HotSpot(TM) 64-Bit Server VM (18.0.2.1+1-1, mixed mode, sharing, tiered, compressed oops, compressed class ptrs, g1 gc, windows-amd64)
GC Precious Log:
 CardTable entry size: 512
 Card Set container configuration: InlinePtr #cards 5 size 8 Array Of Cards #cards 12 size 40 Howl #buckets 4 coarsen threshold 1843 Howl Bitmap #cards 512 size 80 coarsen threshold 460 Card regions per heap region 1 cards per card region 2048
 CPUs: 4 total, 4 available
 Memory: 6051M
 Large Page Support: Disabled
 NUMA Support: Disabled
 Compressed Oops: Enabled (32-bit)
 Heap Region Size: 1M
 Heap Min Capacity: 8M
 Heap Initial Capacity: 96M
 Heap Max Capacity: 1514M
 Pre-touch: Disabled
 Parallel Workers: 4
 Concurrent Workers: 1
 Concurrent Refinement Workers: 4
 Periodic GC: Disabled
Heap:
 garbage-first heap   total 98304K, used 38369K [0x00000000a1600000, 0x0000000100000000)
  region size 1024K, 3 young (3072K), 3 survivors (3072K)
 Metaspace       used 71795K, committed 72384K, reserved 1114112K
  class space    used 9112K, committed 9408K, reserved 1048576K
GC Heap History (20 events):
Event: 77448.418 GC heap after
{Heap after GC invocations=156 (full 2):
 garbage-first heap   total 78848K, used 32307K [0x00000000a1600000, 0x0000000100000000)
  region size 1024K, 1 young (1024K), 1 survivors (1024K)
 Metaspace       used 71140K, committed 71744K, reserved 1114112K
  class space    used 9097K, committed 9408K, reserved 1048576K
}
Event: 77659.884 GC heap before
{Heap before GC invocations=156 (full 2):
 garbage-first heap   total 78848K, used 63027K [0x00000000a1600000, 0x0000000100000000)
  region size 1024K, 31 young (31744K), 1 survivors (1024K)
 Metaspace       used 71140K, committed 71744K, reserved 1114112K
  class space    used 9097K, committed 9408K, reserved 1048576K
}
Event: 77659.892 GC heap after
{Heap after GC invocations=157 (full 2):
 garbage-first heap   total 78848K, used 32062K [0x00000000a1600000, 0x0000000100000000)
  region size 1024K, 1 young (1024K), 1 survivors (1024K)
 Metaspace       used 71140K, committed 71744K, reserved 1114112K
  class space    used 9097K, committed 9408K, reserved 1048576K
}
Event: 77901.994 GC heap before
{Heap before GC invocations=158 (full 2):
 garbage-first heap   total 78848K, used 62782K [0x00000000a1600000, 0x0000000100000000)
  region size 1024K, 31 young (31744K), 1 survivors (1024K)
 Metaspace       used 71140K, committed 71744K, reserved 1114112K
  class space    used 9097K, committed 9408K, reserved 1048576K
}
Event: 77902.001 GC heap after
{Heap after GC invocations=159 (full 2):
 garbage-first heap   total 78848K, used 32020K [0x00000000a1600000, 0x0000000100000000)
  region size 1024K, 1 young (1024K), 1 survivors (1024K)
 Metaspace       used 71140K, committed 71744K, reserved 1114112K
  class space    used 9097K, committed 9408K, reserved 1048576K
}
Event: 77916.564 GC heap before
{Heap before GC invocations=159 (full 2):
 garbage-first heap   total 78848K, used 34068K [0x00000000a1600000, 0x0000000100000000)
  region size 1024K, 3 young (3072K), 1 survivors (1024K)
 Metaspace       used 71140K, committed 71744K, reserved 1114112K
  class space    used 9097K, committed 9408K, reserved 1048576K
}
Event: 77916.570 GC heap after
{Heap after GC invocations=160 (full 2):
 garbage-first heap   total 78848K, used 32018K [0x00000000a1600000, 0x0000000100000000)
  region size 1024K, 1 young (1024K), 1 survivors (1024K)
 Metaspace       used 71140K, committed 71744K, reserved 1114112K
  class space    used 9097K, committed 9408K, reserved 1048576K
}
Event: 78125.078 GC heap before
{Heap before GC invocations=160 (full 2):
 garbage-first heap   total 78848K, used 64786K [0x00000000a1600000, 0x0000000100000000)
  region size 1024K, 33 young (33792K), 1 survivors (1024K)
 Metaspace       used 71173K, committed 71808K, reserved 1114112K
  class space    used 9098K, committed 9408K, reserved 1048576K
}
Event: 78125.087 GC heap after
{Heap after GC invocations=161 (full 2):
 garbage-first heap   total 78848K, used 32821K [0x00000000a1600000, 0x0000000100000000)
  region size 1024K, 1 young (1024K), 1 survivors (1024K)
 Metaspace       used 71173K, committed 71808K, reserved 1114112K
  class space    used 9098K, committed 9408K, reserved 1048576K
}
Event: 78127.412 GC heap before
{Heap before GC invocations=162 (full 2):
 garbage-first heap   total 78848K, used 65589K [0x00000000a1600000, 0x0000000100000000)
  region size 1024K, 33 young (33792K), 1 survivors (1024K)
 Metaspace       used 71188K, committed 71808K, reserved 1114112K
  class space    used 9080K, committed 9408K, reserved 1048576K
}
Event: 78127.458 GC heap after
{Heap after GC invocations=163 (full 2):
 garbage-first heap   total 78848K, used 34862K [0x00000000a1600000, 0x0000000100000000)
  region size 1024K, 3 young (3072K), 3 survivors (3072K)
 Metaspace       used 71188K, committed 71808K, reserved 1114112K
  class space    used 9080K, committed 9408K, reserved 1048576K
}
Event: 78127.517 GC heap before
{Heap before GC invocations=163 (full 2):
 garbage-first heap   total 78848K, used 35886K [0x00000000a1600000, 0x0000000100000000)
  region size 1024K, 4 young (4096K), 3 survivors (3072K)
 Metaspace       used 71194K, committed 71808K, reserved 1114112K
  class space    used 9080K, committed 9408K, reserved 1048576K
}
Event: 78127.594 GC heap after
{Heap after GC invocations=164 (full 2):
 garbage-first heap   total 78848K, used 35286K [0x00000000a1600000, 0x0000000100000000)
  region size 1024K, 1 young (1024K), 1 survivors (1024K)
 Metaspace       used 71194K, committed 71808K, reserved 1114112K
  class space    used 9080K, committed 9408K, reserved 1048576K
}
Event: 78138.715 GC heap before
{Heap before GC invocations=164 (full 2):
 garbage-first heap   total 78848K, used 62934K [0x00000000a1600000, 0x0000000100000000)
  region size 1024K, 29 young (29696K), 1 survivors (1024K)
 Metaspace       used 71321K, committed 71936K, reserved 1114112K
  class space    used 9090K, committed 9408K, reserved 1048576K
}
Event: 78138.726 GC heap after
{Heap after GC invocations=165 (full 2):
 garbage-first heap   total 78848K, used 36653K [0x00000000a1600000, 0x0000000100000000)
  region size 1024K, 2 young (2048K), 2 survivors (2048K)
 Metaspace       used 71321K, committed 71936K, reserved 1114112K
  class space    used 9090K, committed 9408K, reserved 1048576K
}
Event: 78140.963 GC heap before
{Heap before GC invocations=166 (full 2):
 garbage-first heap   total 78848K, used 64301K [0x00000000a1600000, 0x0000000100000000)
  region size 1024K, 29 young (29696K), 2 survivors (2048K)
 Metaspace       used 71484K, committed 72064K, reserved 1114112K
  class space    used 9097K, committed 9408K, reserved 1048576K
}
Event: 78140.986 GC heap after
{Heap after GC invocations=167 (full 2):
 garbage-first heap   total 78848K, used 38397K [0x00000000a1600000, 0x0000000100000000)
  region size 1024K, 4 young (4096K), 4 survivors (4096K)
 Metaspace       used 71484K, committed 72064K, reserved 1114112K
  class space    used 9097K, committed 9408K, reserved 1048576K
}
Event: 78141.094 GC heap before
{Heap before GC invocations=167 (full 2):
 garbage-first heap   total 78848K, used 39421K [0x00000000a1600000, 0x0000000100000000)
  region size 1024K, 5 young (5120K), 4 survivors (4096K)
 Metaspace       used 71489K, committed 72064K, reserved 1114112K
  class space    used 9097K, committed 9408K, reserved 1048576K
}
Event: 78141.118 GC heap after
{Heap after GC invocations=168 (full 2):
 garbage-first heap   total 78848K, used 36793K [0x00000000a1600000, 0x0000000100000000)
  region size 1024K, 1 young (1024K), 1 survivors (1024K)
 Metaspace       used 71489K, committed 72064K, reserved 1114112K
  class space    used 9097K, committed 9408K, reserved 1048576K
}
Event: 78142.671 GC heap before
{Heap before GC invocations=168 (full 2):
 garbage-first heap   total 78848K, used 63417K [0x00000000a1600000, 0x0000000100000000)
  region size 1024K, 28 young (28672K), 1 survivors (1024K)
 Metaspace       used 71795K, committed 72384K, reserved 1114112K
  class space    used 9112K, committed 9408K, reserved 1048576K
}

