# JRE version: Java(TM) SE Runtime Environment (18.0.2.1+1) (build 18.0.2.1+1-1)
# Java VM: Java HotSpot(TM) 64-Bit Server VM (18.0.2.1+1-1, mixed mode, sharing, tiered, compressed oops, compressed class ptrs, g1 gc, windows-amd64)
GC Precious Log:
 CardTable entry size: 512
 Card Set container configuration: InlinePtr #cards 5 size 8 Array Of Cards #cards 12 size 40 Howl #buckets 4 coarsen threshold 1843 Howl Bitmap #cards 512 size 80 coarsen threshold 460 Card regions per heap region 1 cards per card region 2048
 CPUs: 4 total, 4 available
 Memory: 6051M
 Large Page Support: Disabled
 NUMA Support: Disabled
 Compressed Oops: Enabled (32-bit)
 Heap Region Size: 1M
 Heap Min Capacity: 8M
 Heap Initial Capacity: 96M
 Heap Max Capacity: 1514M
 Pre-touch: Disabled
 Parallel Workers: 4
 Concurrent Workers: 1
 Concurrent Refinement Workers: 4
 Periodic GC: Disabled
Heap:
 garbage-first heap   total 48128K, used 26074K [0x00000000a1600000, 0x0000000100000000)
  region size 1024K, 2 young (2048K), 1 survivors (1024K)
 Metaspace       used 56214K, committed 56640K, reserved 1114112K
  class space    used 7527K, committed 7744K, reserved 1048576K
GC Heap History (20 events):
Event: 26.563 GC heap before
{Heap before GC invocations=6 (full 0):
 garbage-first heap   total 48128K, used 36830K [0x00000000a1600000, 0x0000000100000000)
  region size 1024K, 28 young (28672K), 4 survivors (4096K)
 Metaspace       used 25828K, committed 26112K, reserved 1114112K
  class space    used 3293K, committed 3456K, reserved 1048576K
}
Event: 26.604 GC heap after
{Heap after GC invocations=7 (full 0):
 garbage-first heap   total 48128K, used 14992K [0x00000000a1600000, 0x0000000100000000)
  region size 1024K, 4 young (4096K), 4 survivors (4096K)
 Metaspace       used 25828K, committed 26112K, reserved 1114112K
  class space    used 3293K, committed 3456K, reserved 1048576K
}
Event: 30.760 GC heap before
{Heap before GC invocations=7 (full 0):
 garbage-first heap   total 48128K, used 32400K [0x00000000a1600000, 0x0000000100000000)
  region size 1024K, 22 young (22528K), 4 survivors (4096K)
 Metaspace       used 29281K, committed 29632K, reserved 1114112K
  class space    used 3686K, committed 3840K, reserved 1048576K
}
Event: 30.782 GC heap after
{Heap after GC invocations=8 (full 0):
 garbage-first heap   total 48128K, used 16962K [0x00000000a1600000, 0x0000000100000000)
  region size 1024K, 3 young (3072K), 3 survivors (3072K)
 Metaspace       used 29281K, committed 29632K, reserved 1114112K
  class space    used 3686K, committed 3840K, reserved 1048576K
}
Event: 34.949 GC heap before
{Heap before GC invocations=8 (full 0):
 garbage-first heap   total 48128K, used 33346K [0x00000000a1600000, 0x0000000100000000)
  region size 1024K, 20 young (20480K), 3 survivors (3072K)
 Metaspace       used 32707K, committed 33088K, reserved 1114112K
  class space    used 4171K, committed 4352K, reserved 1048576K
}
Event: 34.957 GC heap after
{Heap after GC invocations=9 (full 0):
 garbage-first heap   total 48128K, used 18168K [0x00000000a1600000, 0x0000000100000000)
  region size 1024K, 2 young (2048K), 2 survivors (2048K)
 Metaspace       used 32707K, committed 33088K, reserved 1114112K
  class space    used 4171K, committed 4352K, reserved 1048576K
}
Event: 41.471 GC heap before
{Heap before GC invocations=9 (full 0):
 garbage-first heap   total 48128K, used 27384K [0x00000000a1600000, 0x0000000100000000)
  region size 1024K, 12 young (12288K), 2 survivors (2048K)
 Metaspace       used 35594K, committed 35968K, reserved 1114112K
  class space    used 4688K, committed 4864K, reserved 1048576K
}
Event: 41.487 GC heap after
{Heap after GC invocations=10 (full 0):
 garbage-first heap   total 48128K, used 18436K [0x00000000a1600000, 0x0000000100000000)
  region size 1024K, 2 young (2048K), 2 survivors (2048K)
 Metaspace       used 35594K, committed 35968K, reserved 1114112K
  class space    used 4688K, committed 4864K, reserved 1048576K
}
Event: 44.780 GC heap before
{Heap before GC invocations=11 (full 0):
 garbage-first heap   total 48128K, used 35844K [0x00000000a1600000, 0x0000000100000000)
  region size 1024K, 19 young (19456K), 2 survivors (2048K)
 Metaspace       used 42285K, committed 42688K, reserved 1114112K
  class space    used 5503K, committed 5696K, reserved 1048576K
}
Event: 44.790 GC heap after
{Heap after GC invocations=12 (full 0):
 garbage-first heap   total 48128K, used 20315K [0x00000000a1600000, 0x0000000100000000)
  region size 1024K, 3 young (3072K), 3 survivors (3072K)
 Metaspace       used 42285K, committed 42688K, reserved 1114112K
  class space    used 5503K, committed 5696K, reserved 1048576K
}
Event: 48.981 GC heap before
{Heap before GC invocations=12 (full 0):
 garbage-first heap   total 48128K, used 34651K [0x00000000a1600000, 0x0000000100000000)
  region size 1024K, 18 young (18432K), 3 survivors (3072K)
 Metaspace       used 45376K, committed 45760K, reserved 1114112K
  class space    used 5909K, committed 6080K, reserved 1048576K
}
Event: 48.989 GC heap after
{Heap after GC invocations=13 (full 0):
 garbage-first heap   total 48128K, used 21315K [0x00000000a1600000, 0x0000000100000000)
  region size 1024K, 1 young (1024K), 1 survivors (1024K)
 Metaspace       used 45376K, committed 45760K, reserved 1114112K
  class space    used 5909K, committed 6080K, reserved 1048576K
}
Event: 54.344 GC heap before
{Heap before GC invocations=13 (full 0):
 garbage-first heap   total 48128K, used 36675K [0x00000000a1600000, 0x0000000100000000)
  region size 1024K, 16 young (16384K), 1 survivors (1024K)
 Metaspace       used 49500K, committed 49856K, reserved 1114112K
  class space    used 6580K, committed 6720K, reserved 1048576K
}
Event: 54.360 GC heap after
{Heap after GC invocations=14 (full 0):
 garbage-first heap   total 48128K, used 21992K [0x00000000a1600000, 0x0000000100000000)
  region size 1024K, 2 young (2048K), 2 survivors (2048K)
 Metaspace       used 49500K, committed 49856K, reserved 1114112K
  class space    used 6580K, committed 6720K, reserved 1048576K
}
Event: 56.363 GC heap before
{Heap before GC invocations=14 (full 0):
 garbage-first heap   total 48128K, used 37352K [0x00000000a1600000, 0x0000000100000000)
  region size 1024K, 17 young (17408K), 2 survivors (2048K)
 Metaspace       used 52210K, committed 52608K, reserved 1114112K
  class space    used 6954K, committed 7168K, reserved 1048576K
}
Event: 56.370 GC heap after
{Heap after GC invocations=15 (full 0):
 garbage-first heap   total 48128K, used 23527K [0x00000000a1600000, 0x0000000100000000)
  region size 1024K, 3 young (3072K), 3 survivors (3072K)
 Metaspace       used 52210K, committed 52608K, reserved 1114112K
  class space    used 6954K, committed 7168K, reserved 1048576K
}
Event: 57.589 GC heap before
{Heap before GC invocations=15 (full 0):
 garbage-first heap   total 48128K, used 36839K [0x00000000a1600000, 0x0000000100000000)
  region size 1024K, 16 young (16384K), 3 survivors (3072K)
 Metaspace       used 53968K, committed 54400K, reserved 1114112K
  class space    used 7203K, committed 7424K, reserved 1048576K
}
Event: 57.600 GC heap after
{Heap after GC invocations=16 (full 0):
 garbage-first heap   total 48128K, used 25121K [0x00000000a1600000, 0x0000000100000000)
  region size 1024K, 2 young (2048K), 2 survivors (2048K)
 Metaspace       used 53968K, committed 54400K, reserved 1114112K
  class space    used 7203K, committed 7424K, reserved 1048576K
}
Event: 60.297 GC heap before
{Heap before GC invocations=17 (full 0):
 garbage-first heap   total 48128K, used 37409K [0x00000000a1600000, 0x0000000100000000)
  region size 1024K, 14 young (14336K), 2 survivors (2048K)
 Metaspace       used 56115K, committed 56576K, reserved 1114112K
  class space    used 7515K, committed 7744K, reserved 1048576K
}
Event: 60.323 GC heap after
{Heap after GC invocations=18 (full 0):
 garbage-first heap   total 48128K, used 26074K [0x00000000a1600000, 0x0000000100000000)
  region size 1024K, 1 young (1024K), 1 survivors (1024K)
 Metaspace       used 56115K, committed 56576K, reserved 1114112K
  class space    used 7515K, committed 7744K, reserved 1048576K
}

